[2026-01-26T00:41:06.848+0000] {taskinstance.py:1956} INFO - Dependencies all met for dep_context=non-requeueable deps ti=<TaskInstance: the_graph_uniswap_v3_swaps.fetch_and_store_swaps scheduled__2026-01-25T23:00:00+00:00 [queued]>
[2026-01-26T00:41:06.853+0000] {taskinstance.py:1956} INFO - Dependencies all met for dep_context=requeueable deps ti=<TaskInstance: the_graph_uniswap_v3_swaps.fetch_and_store_swaps scheduled__2026-01-25T23:00:00+00:00 [queued]>
[2026-01-26T00:41:06.853+0000] {taskinstance.py:2170} INFO - Starting attempt 1 of 2
[2026-01-26T00:41:06.861+0000] {taskinstance.py:2191} INFO - Executing <Task(PythonOperator): fetch_and_store_swaps> on 2026-01-25 23:00:00+00:00
[2026-01-26T00:41:06.864+0000] {standard_task_runner.py:60} INFO - Started process 24165 to run task
[2026-01-26T00:41:06.878+0000] {standard_task_runner.py:87} INFO - Running: ['***', 'tasks', 'run', 'the_graph_uniswap_v3_swaps', 'fetch_and_store_swaps', 'scheduled__2026-01-25T23:00:00+00:00', '--job-id', '57', '--raw', '--subdir', 'DAGS_FOLDER/the_graph_uniswap_v3_swaps_dag.py', '--cfg-path', '/tmp/tmpj28w1g0c']
[2026-01-26T00:41:06.889+0000] {standard_task_runner.py:88} INFO - Job 57: Subtask fetch_and_store_swaps
[2026-01-26T00:41:07.024+0000] {task_command.py:423} INFO - Running <TaskInstance: the_graph_uniswap_v3_swaps.fetch_and_store_swaps scheduled__2026-01-25T23:00:00+00:00 [running]> on host f2da44f39545
[2026-01-26T00:41:07.154+0000] {taskinstance.py:2480} INFO - Exporting env vars: AIRFLOW_CTX_DAG_OWNER='***' AIRFLOW_CTX_DAG_ID='the_graph_uniswap_v3_swaps' AIRFLOW_CTX_TASK_ID='fetch_and_store_swaps' AIRFLOW_CTX_EXECUTION_DATE='2026-01-25T23:00:00+00:00' AIRFLOW_CTX_TRY_NUMBER='1' AIRFLOW_CTX_DAG_RUN_ID='scheduled__2026-01-25T23:00:00+00:00'
[2026-01-26T00:41:07.180+0000] {logging_mixin.py:188} INFO - Incremental run: Last record at 2026-01-25 22:59:59. Fetching new swaps...
[2026-01-26T00:41:07.180+0000] {logging_mixin.py:188} INFO - Fetching swaps from 2026-01-25 23:00:00 to 2026-01-26 00:41:07.180587
[2026-01-26T00:41:09.032+0000] {logging_mixin.py:188} INFO - [00:41:09] Fetched 1000 swaps from token0_in (Total: 1000)
[2026-01-26T00:41:11.935+0000] {logging_mixin.py:188} INFO - [00:41:11] Fetched 1000 swaps from token0_in (Total: 2000)
[2026-01-26T00:41:14.378+0000] {logging_mixin.py:188} INFO - [00:41:14] Fetched 1000 swaps from token0_in (Total: 3000)
[2026-01-26T00:41:33.103+0000] {logging_mixin.py:188} INFO - [00:41:33] Request failed (attempt 1/3): ('Connection aborted.', RemoteDisconnected('Remote end closed connection without response'))
[2026-01-26T01:27:52.423+0000] {local_task_job_runner.py:302} WARNING - State of this instance has been externally set to up_for_retry. Terminating instance.
[2026-01-26T01:27:52.469+0000] {process_utils.py:131} INFO - Sending 15 to group 24165. PIDs of all processes in the group: [24165]
[2026-01-26T01:27:52.471+0000] {process_utils.py:86} INFO - Sending the signal 15 to group 24165
[2026-01-26T01:27:52.474+0000] {taskinstance.py:2450} ERROR - Received SIGTERM. Terminating subprocesses.
[2026-01-26T01:27:52.487+0000] {logging_mixin.py:188} INFO - [01:27:52] Request failed (attempt 2/3): Task received SIGTERM signal
[2026-01-26T01:51:13.911+0000] {logging_mixin.py:188} INFO - [01:51:13] Request failed (attempt 3/3): HTTPSConnectionPool(host='gateway.thegraph.com', port=443): Read timed out. (read timeout=30)
[2026-01-26T01:51:13.936+0000] {taskinstance.py:2698} ERROR - Task failed with exception
Traceback (most recent call last):
  File "/home/airflow/.local/lib/python3.8/site-packages/urllib3/connectionpool.py", line 467, in _make_request
    six.raise_from(e, None)
  File "<string>", line 3, in raise_from
  File "/home/airflow/.local/lib/python3.8/site-packages/urllib3/connectionpool.py", line 462, in _make_request
    httplib_response = conn.getresponse()
  File "/usr/local/lib/python3.8/http/client.py", line 1348, in getresponse
    response.begin()
  File "/usr/local/lib/python3.8/http/client.py", line 316, in begin
    version, status, reason = self._read_status()
  File "/usr/local/lib/python3.8/http/client.py", line 277, in _read_status
    line = str(self.fp.readline(_MAXLINE + 1), "iso-8859-1")
  File "/usr/local/lib/python3.8/socket.py", line 669, in readinto
    return self._sock.recv_into(b)
  File "/usr/local/lib/python3.8/ssl.py", line 1274, in recv_into
    return self.read(nbytes, buffer)
  File "/usr/local/lib/python3.8/ssl.py", line 1132, in read
    return self._sslobj.read(len, buffer)
socket.timeout: The read operation timed out

During handling of the above exception, another exception occurred:

Traceback (most recent call last):
  File "/home/airflow/.local/lib/python3.8/site-packages/requests/adapters.py", line 486, in send
    resp = conn.urlopen(
  File "/home/airflow/.local/lib/python3.8/site-packages/urllib3/connectionpool.py", line 799, in urlopen
    retries = retries.increment(
  File "/home/airflow/.local/lib/python3.8/site-packages/urllib3/util/retry.py", line 550, in increment
    raise six.reraise(type(error), error, _stacktrace)
  File "/home/airflow/.local/lib/python3.8/site-packages/urllib3/packages/six.py", line 770, in reraise
    raise value
  File "/home/airflow/.local/lib/python3.8/site-packages/urllib3/connectionpool.py", line 715, in urlopen
    httplib_response = self._make_request(
  File "/home/airflow/.local/lib/python3.8/site-packages/urllib3/connectionpool.py", line 469, in _make_request
    self._raise_timeout(err=e, url=url, timeout_value=read_timeout)
  File "/home/airflow/.local/lib/python3.8/site-packages/urllib3/connectionpool.py", line 358, in _raise_timeout
    raise ReadTimeoutError(
urllib3.exceptions.ReadTimeoutError: HTTPSConnectionPool(host='gateway.thegraph.com', port=443): Read timed out. (read timeout=30)

During handling of the above exception, another exception occurred:

Traceback (most recent call last):
  File "/home/airflow/.local/lib/python3.8/site-packages/airflow/models/taskinstance.py", line 433, in _execute_task
    result = execute_callable(context=context, **execute_callable_kwargs)
  File "/home/airflow/.local/lib/python3.8/site-packages/airflow/operators/python.py", line 199, in execute
    return_value = self.execute_callable()
  File "/home/airflow/.local/lib/python3.8/site-packages/airflow/operators/python.py", line 216, in execute_callable
    return self.python_callable(*self.op_args, **self.op_kwargs)
  File "/opt/airflow/dags/the_graph_uniswap_v3_swaps_dag.py", line 44, in fetch_and_store_swaps
    swaps = fetcher.fetch_swaps(start_date, end_date, on_batch_callback=storage.save_swaps)
  File "/opt/airflow/dags/utils/uniswap_utils.py", line 129, in fetch_swaps
    swaps_token0 = self._fetch_swaps_with_filter(start_ts, end_ts, "token0_in", TOKEN_ADDRESSES, on_batch_callback)
  File "/opt/airflow/dags/utils/uniswap_utils.py", line 80, in _fetch_swaps_with_filter
    result = self._execute_query(query)
  File "/opt/airflow/dags/utils/uniswap_utils.py", line 56, in _execute_query
    response = self.session.post(
  File "/home/airflow/.local/lib/python3.8/site-packages/requests/sessions.py", line 637, in post
    return self.request("POST", url, data=data, json=json, **kwargs)
  File "/home/airflow/.local/lib/python3.8/site-packages/requests/sessions.py", line 589, in request
    resp = self.send(prep, **send_kwargs)
  File "/home/airflow/.local/lib/python3.8/site-packages/requests/sessions.py", line 703, in send
    r = adapter.send(request, **kwargs)
  File "/home/airflow/.local/lib/python3.8/site-packages/requests/adapters.py", line 532, in send
    raise ReadTimeout(e, request=request)
requests.exceptions.ReadTimeout: HTTPSConnectionPool(host='gateway.thegraph.com', port=443): Read timed out. (read timeout=30)
[2026-01-26T01:51:14.028+0000] {taskinstance.py:1138} INFO - Marking task as FAILED. dag_id=the_graph_uniswap_v3_swaps, task_id=fetch_and_store_swaps, execution_date=20260125T230000, start_date=20260126T015106, end_date=20260126T015114
[2026-01-26T01:51:15.097+0000] {standard_task_runner.py:107} ERROR - Failed to execute job 57 for task fetch_and_store_swaps ((psycopg2.errors.DeadlockDetected) deadlock detected
DETAIL:  Process 26158 waits for ShareLock on transaction 218033; blocked by process 26160.
Process 26160 waits for ShareLock on transaction 218032; blocked by process 26158.
HINT:  See server log for query details.
CONTEXT:  while locking tuple (1,7) in relation "task_instance"
SQL statement "SELECT 1 FROM ONLY "public"."task_instance" x WHERE "dag_id"::pg_catalog.text OPERATOR(pg_catalog.=) $1::pg_catalog.text AND "task_id"::pg_catalog.text OPERATOR(pg_catalog.=) $2::pg_catalog.text AND "run_id"::pg_catalog.text OPERATOR(pg_catalog.=) $3::pg_catalog.text AND "map_index" OPERATOR(pg_catalog.=) $4 FOR KEY SHARE OF x"

[SQL: INSERT INTO task_fail (task_id, dag_id, run_id, map_index, start_date, end_date, duration) VALUES (%(task_id)s, %(dag_id)s, %(run_id)s, %(map_index)s, %(start_date)s, %(end_date)s, %(duration)s) RETURNING task_fail.id]
[parameters: {'task_id': 'fetch_and_store_swaps', 'dag_id': 'the_graph_uniswap_v3_swaps', 'run_id': 'scheduled__2026-01-25T23:00:00+00:00', 'map_index': -1, 'start_date': datetime.datetime(2026, 1, 26, 1, 51, 6, 12737, tzinfo=Timezone('UTC')), 'end_date': datetime.datetime(2026, 1, 26, 1, 51, 14, 19748, tzinfo=Timezone('UTC')), 'duration': 8}]
(Background on this error at: https://sqlalche.me/e/14/e3q8); 24165)
[2026-01-26T01:51:15.119+0000] {process_utils.py:79} INFO - Process psutil.Process(pid=24165, status='terminated', exitcode=1, started='00:41:06') (24165) terminated with exit code 1
